<?xml version="1.0" encoding="UTF-8"?>
<testsuite name="MusicAdvisorTest" tests="1" skipped="0" failures="0" errors="0" timestamp="2021-09-05T12:30:29" hostname="HOME-PC" time="0.197">
  <properties/>
  <testcase name="start" classname="MusicAdvisorTest" time="0.197"/>
  <system-out><![CDATA[?[1;31m
Start test 1?[0m
Please, provide access for application.
Please, provide access for application.
https://accounts.spotify.com/authorize?client_id=55baa53664b8400995154bb8f972fa92&redirect_uri=http://localhost:8080&response_type=code
---SUCCESS---
---NEW RELEASES---
Mountains [Sia, Diplo, Labrinth]
Runaway [Lil Peep]
The Greatest Show [Panic! At The Disco]
All Out Life [Slipknot]
---GOODBYE!---
---FEATURED---
Mellow Morning
Wake Up and Smell the Coffee
Monday Motivation
Songs to Sing in the Shower
?[1;31m
Start test 2?[0m
Please, provide access for application.
Please, provide access for application.
https://accounts.spotify.com/authorize?client_id=55baa53664b8400995154bb8f972fa92&redirect_uri=http://localhost:8080&response_type=code
---SUCCESS---
---NEW RELEASES---
Mountains [Sia, Diplo, Labrinth]
Runaway [Lil Peep]
The Greatest Show [Panic! At The Disco]
All Out Life [Slipknot]
---GOODBYE!---
---FEATURED---
Mellow Morning
Wake Up and Smell the Coffee
Monday Motivation
Songs to Sing in the Shower
?[1;31m
Start test 3?[0m
Please, provide access for application.
Please, provide access for application.
https://accounts.spotify.com/authorize?client_id=55baa53664b8400995154bb8f972fa92&redirect_uri=http://localhost:8080&response_type=code
---SUCCESS---
---NEW RELEASES---
Mountains [Sia, Diplo, Labrinth]
Runaway [Lil Peep]
The Greatest Show [Panic! At The Disco]
All Out Life [Slipknot]
---GOODBYE!---
---FEATURED---
Mellow Morning
Wake Up and Smell the Coffee
Monday Motivation
Songs to Sing in the Shower
?[1;31m
Start test 4?[0m
Please, provide access for application.
Please, provide access for application.
https://accounts.spotify.com/authorize?client_id=55baa53664b8400995154bb8f972fa92&redirect_uri=http://localhost:8080&response_type=code
---SUCCESS---
---NEW RELEASES---
Mountains [Sia, Diplo, Labrinth]
Runaway [Lil Peep]
The Greatest Show [Panic! At The Disco]
All Out Life [Slipknot]
---GOODBYE!---
---FEATURED---
Mellow Morning
Wake Up and Smell the Coffee
Monday Motivation
Songs to Sing in the Shower
]]></system-out>
  <system-err><![CDATA[]]></system-err>
</testsuite>
